# JRE version: OpenJDK Runtime Environment (8.0_151-b12) (build 1.8.0_151-8u151-b12-0ubuntu0.16.04.2-b12)
# Java VM: OpenJDK 64-Bit Server VM (25.151-b12 mixed mode linux-amd64 compressed oops)
Heap:
 PSYoungGen      total 201728K, used 54429K [0x00000000e7000000, 0x00000000f4500000, 0x0000000100000000)
  eden space 185344K, 26% used [0x00000000e7000000,0x00000000e9f5c888,0x00000000f2500000)
  from space 16384K, 36% used [0x00000000f2500000,0x00000000f2acac80,0x00000000f3500000)
  to   space 15872K, 0% used [0x00000000f3580000,0x00000000f3580000,0x00000000f4500000)
 ParOldGen       total 265216K, used 185905K [0x00000000b5000000, 0x00000000c5300000, 0x00000000e7000000)
  object space 265216K, 70% used [0x00000000b5000000,0x00000000c058c768,0x00000000c5300000)
 Metaspace       used 173469K, capacity 192948K, committed 193832K, reserved 1218560K
  class space    used 19605K, capacity 24929K, committed 25128K, reserved 1048576K
GC Heap History (10 events):
Event: 2824,178 GC heap before
{Heap before GC invocations=119 (full 8):
 PSYoungGen      total 200192K, used 193316K [0x00000000e7000000, 0x00000000f4500000, 0x0000000100000000)
  eden space 183296K, 100% used [0x00000000e7000000,0x00000000f2300000,0x00000000f2300000)
  from space 16896K, 59% used [0x00000000f3480000,0x00000000f3e49178,0x00000000f4500000)
  to   space 17408K, 0% used [0x00000000f2300000,0x00000000f2300000,0x00000000f3400000)
 ParOldGen       total 265216K, used 180752K [0x00000000b5000000, 0x00000000c5300000, 0x00000000e7000000)
  object space 265216K, 68% used [0x00000000b5000000,0x00000000c0084268,0x00000000c5300000)
 Metaspace       used 173073K, capacity 192430K, committed 193576K, reserved 1218560K
  class space    used 19570K, capacity 24864K, committed 25128K, reserved 1048576K
Event: 2824,194 GC heap after
Heap after GC invocations=119 (full 8):
 PSYoungGen      total 200704K, used 4818K [0x00000000e7000000, 0x00000000f4600000, 0x0000000100000000)
  eden space 183296K, 0% used [0x00000000e7000000,0x00000000e7000000,0x00000000f2300000)
  from space 17408K, 27% used [0x00000000f2300000,0x00000000f27b4ae0,0x00000000f3400000)
  to   space 17408K, 0% used [0x00000000f3500000,0x00000000f3500000,0x00000000f4600000)
 ParOldGen       total 265216K, used 185665K [0x00000000b5000000, 0x00000000c5300000, 0x00000000e7000000)
  object space 265216K, 70% used [0x00000000b5000000,0x00000000c0550768,0x00000000c5300000)
 Metaspace       used 173073K, capacity 192430K, committed 193576K, reserved 1218560K
  class space    used 19570K, capacity 24864K, committed 25128K, reserved 1048576K
}
Event: 2836,534 GC heap before
{Heap before GC invocations=120 (full 8):
 PSYoungGen      total 200704K, used 188114K [0x00000000e7000000, 0x00000000f4600000, 0x0000000100000000)
  eden space 183296K, 100% used [0x00000000e7000000,0x00000000f2300000,0x00000000f2300000)
  from space 17408K, 27% used [0x00000000f2300000,0x00000000f27b4ae0,0x00000000f3400000)
  to   space 17408K, 0% used [0x00000000f3500000,0x00000000f3500000,0x00000000f4600000)
 ParOldGen       total 265216K, used 185665K [0x00000000b5000000, 0x00000000c5300000, 0x00000000e7000000)
  object space 265216K, 70% used [0x00000000b5000000,0x00000000c0550768,0x00000000c5300000)
 Metaspace       used 173131K, capacity 192500K, committed 193576K, reserved 1218560K
  class space    used 19570K, capacity 24865K, committed 25128K, reserved 1048576K
Event: 2836,544 GC heap after
Heap after GC invocations=120 (full 8):
 PSYoungGen      total 201728K, used 5310K [0x00000000e7000000, 0x00000000f4600000, 0x0000000100000000)
  eden space 184320K, 0% used [0x00000000e7000000,0x00000000e7000000,0x00000000f2400000)
  from space 17408K, 30% used [0x00000000f3500000,0x00000000f3a2f8b0,0x00000000f4600000)
  to   space 17408K, 0% used [0x00000000f2400000,0x00000000f2400000,0x00000000f3500000)
 ParOldGen       total 265216K, used 185753K [0x00000000b5000000, 0x00000000c5300000, 0x00000000e7000000)
  object space 265216K, 70% used [0x00000000b5000000,0x00000000c0566768,0x00000000c5300000)
 Metaspace       used 173131K, capacity 192500K, committed 193576K, reserved 1218560K
  class space    used 19570K, capacity 24865K, committed 25128K, reserved 1048576K
}
Event: 2852,738 GC heap before
{Heap before GC invocations=121 (full 8):
 PSYoungGen      total 201728K, used 189630K [0x00000000e7000000, 0x00000000f4600000, 0x0000000100000000)
  eden space 184320K, 100% used [0x00000000e7000000,0x00000000f2400000,0x00000000f2400000)
  from space 17408K, 30% used [0x00000000f3500000,0x00000000f3a2f8b0,0x00000000f4600000)
  to   space 17408K, 0% used [0x00000000f2400000,0x00000000f2400000,0x00000000f3500000)
 ParOldGen       total 265216K, used 185753K [0x00000000b5000000, 0x00000000c5300000, 0x00000000e7000000)
  object space 265216K, 70% used [0x00000000b5000000,0x00000000c0566768,0x00000000c5300000)
 Metaspace       used 173189K, capacity 192500K, committed 193576K, reserved 1218560K
  class space    used 19570K, capacity 24865K, committed 25128K, reserved 1048576K
Event: 2852,751 GC heap after
Heap after GC invocations=121 (full 8):
 PSYoungGen      total 201728K, used 5318K [0x00000000e7000000, 0x00000000f4600000, 0x0000000100000000)
  eden space 184320K, 0% used [0x00000000e7000000,0x00000000e7000000,0x00000000f2400000)
  from space 17408K, 30% used [0x00000000f2400000,0x00000000f2931858,0x00000000f3500000)
  to   space 16896K, 0% used [0x00000000f3580000,0x00000000f3580000,0x00000000f4600000)
 ParOldGen       total 265216K, used 185785K [0x00000000b5000000, 0x00000000c5300000, 0x00000000e7000000)
  object space 265216K, 70% used [0x00000000b5000000,0x00000000c056e768,0x00000000c5300000)
 Metaspace       used 173189K, capacity 192500K, committed 193576K, reserved 1218560K
  class space    used 19570K, capacity 24865K, committed 25128K, reserved 1048576K
}
Event: 2882,411 GC heap before
{Heap before GC invocations=122 (full 8):
 PSYoungGen      total 201728K, used 189638K [0x00000000e7000000, 0x00000000f4600000, 0x0000000100000000)
  eden space 184320K, 100% used [0x00000000e7000000,0x00000000f2400000,0x00000000f2400000)
  from space 17408K, 30% used [0x00000000f2400000,0x00000000f2931858,0x00000000f3500000)
  to   space 16896K, 0% used [0x00000000f3580000,0x00000000f3580000,0x00000000f4600000)
 ParOldGen       total 265216K, used 185785K [0x00000000b5000000, 0x00000000c5300000, 0x00000000e7000000)
  object space 265216K, 70% used [0x00000000b5000000,0x00000000c056e768,0x00000000c5300000)
 Metaspace       used 173239K, capacity 192576K, committed 193832K, reserved 1218560K
  class space    used 19571K, capacity 24867K, committed 25128K, reserved 1048576K
Event: 2882,421 GC heap after
Heap after GC invocations=122 (full 8):
 PSYoungGen      total 201216K, used 5215K [0x00000000e7000000, 0x00000000f4500000, 0x0000000100000000)
  eden space 185344K, 0% used [0x00000000e7000000,0x00000000e7000000,0x00000000f2500000)
  from space 15872K, 32% used [0x00000000f3580000,0x00000000f3a97e18,0x00000000f4500000)
  to   space 16384K, 0% used [0x00000000f2500000,0x00000000f2500000,0x00000000f3500000)
 ParOldGen       total 265216K, used 185841K [0x00000000b5000000, 0x00000000c5300000, 0x00000000e7000000)
  object space 265216K, 70% used [0x00000000b5000000,0x00000000c057c768,0x00000000c5300000)
 Metaspace       used 173239K, capacity 192576K, committed 193832K, reserved 1218560K
  class space    used 19571K, capacity 24867K, committed 25128K, reserved 1048576K
}
Event: 5058,952 GC heap before
{Heap before GC invocations=123 (full 8):
 PSYoungGen      total 201216K, used 190559K [0x00000000e7000000, 0x00000000f4500000, 0x0000000100000000)
  eden space 185344K, 100% used [0x00000000e7000000,0x00000000f2500000,0x00000000f2500000)
  from space 15872K, 32% used [0x00000000f3580000,0x00000000f3a97e18,0x00000000f4500000)
  to   space 16384K, 0% used [0x00000000f2500000,0x00000000f2500000,0x00000000f3500000)
 ParOldGen       total 265216K, used 185841K [0x00000000b5000000, 0x00000000c5300000, 0x00000000e7000000)
  object space 265216K, 70% used [0x00000000b5000000,0x00000000c057c768,0x00000000c5300000)
 Metaspace       used 173467K, capacity 192948K, committed 193832K, reserved 1218560K
  class space    used 19605K, capacity 24929K, committed 25128K, reserved 1048576K
Event: 5058,960 GC heap after
Heap after GC invocations=123 (full 8):
 PSYoungGen      total 201728K, used 5931K [0x00000000e7000000, 0x00000000f4500000, 0x0000000100000000)
  eden space 185344K, 0% used [0x00000000e7000000,0x00000000e7000000,0x00000000f2500000)
  from space 16384K, 36% used [0x00000000f2500000,0x00000000f2acac80,0x00000000f3500000)
  to   space 15872K, 0% used [0x00000000f3580000,0x00000000f3580000,0x00000000f4500000)
 ParOldGen       total 265216K, used 185905K [0x00000000b5000000, 0x00000000c5300000, 0x00000000e7000000)
  object space 265216K, 70% used [0x00000000b5000000,0x00000000c058c768,0x00000000c5300000)
 Metaspace       used 173467K, capacity 192948K, committed 193832K, reserved 1218560K
  class space    used 19605K, capacity 24929K, committed 25128K, reserved 1048576K
}

